<?xml version="1.0" encoding="UTF-8"?>
<!-- Generated by org.testng.reporters.JUnitReportReporter -->
<testsuite hostname="ondro-Lenovo-Flex-2-15" name="org.eclipse.microprofile.config.tck.broken.WrongConverterOnInstanceInjectionTest" tests="1" failures="0" timestamp="13 Apr 2017 10:42:31 GMT" time="0.035" errors="0">
  <testcase name="test" time="0.035" classname="org.eclipse.microprofile.config.tck.broken.WrongConverterOnInstanceInjectionTest"/>
</testsuite> <!-- org.eclipse.microprofile.config.tck.broken.WrongConverterOnInstanceInjectionTest -->
