<?xml version="1.0" encoding="UTF-8"?>
<!-- Generated by org.testng.reporters.JUnitReportReporter -->
<testsuite hostname="ondro-Lenovo-Flex-2-15" name="org.eclipse.microprofile.config.tck.ConfigProviderTest" tests="9" failures="0" timestamp="13 Apr 2017 10:42:31 GMT" time="0.006" errors="9">
  <testcase name="testGetConfigSources" time="0.000" classname="org.eclipse.microprofile.config.tck.ConfigProviderTest">
    <error type="org.jboss.weld.exceptions.DeploymentException" message="WELD-001408: Unsatisfied dependencies for type Integer with qualifiers @ConfigProperty
  at injection point [BackedAnnotatedField] @Inject @ConfigProperty private org.eclipse.microprofile.config.tck.CDIPlainInjectionTest$SimpleValuesBean.intProperty
  at org.eclipse.microprofile.config.tck.CDIPlainInjectionTest$SimpleValuesBean.intProperty(SimpleValuesBean.java:0)
">
      <![CDATA[org.jboss.weld.exceptions.DeploymentException: WELD-001408: Unsatisfied dependencies for type Integer with qualifiers @ConfigProperty
  at injection point [BackedAnnotatedField] @Inject @ConfigProperty private org.eclipse.microprofile.config.tck.CDIPlainInjectionTest$SimpleValuesBean.intProperty
  at org.eclipse.microprofile.config.tck.CDIPlainInjectionTest$SimpleValuesBean.intProperty(SimpleValuesBean.java:0)

	at org.jboss.weld.bootstrap.Validator.validateInjectionPointForDeploymentProblems(Validator.java:355)
	at org.jboss.weld.bootstrap.Validator.validateInjectionPoint(Validator.java:277)
	at org.jboss.weld.bootstrap.Validator.validateGeneralBean(Validator.java:130)
	at org.jboss.weld.bootstrap.Validator.validateRIBean(Validator.java:151)
	at org.jboss.weld.bootstrap.Validator.validateBean(Validator.java:494)
	at org.jboss.weld.bootstrap.ConcurrentValidator$1.doWork(ConcurrentValidator.java:64)
	at org.jboss.weld.bootstrap.ConcurrentValidator$1.doWork(ConcurrentValidator.java:62)
	at org.jboss.weld.executor.IterativeWorkerTaskFactory$1.call(IterativeWorkerTaskFactory.java:62)
	at org.jboss.weld.executor.IterativeWorkerTaskFactory$1.call(IterativeWorkerTaskFactory.java:55)
	at java.util.concurrent.FutureTask.run(FutureTask.java:266)
	at java.util.concurrent.ThreadPoolExecutor.runWorker(ThreadPoolExecutor.java:1142)
	at java.util.concurrent.ThreadPoolExecutor$Worker.run(ThreadPoolExecutor.java:617)
	at java.lang.Thread.run(Thread.java:745)
]]>
    </error>
  </testcase> <!-- testGetConfigSources -->
  <testcase name="testPropertyConfigSource" time="0.001" classname="org.eclipse.microprofile.config.tck.ConfigProviderTest">
    <error type="org.jboss.weld.exceptions.DeploymentException" message="WELD-001408: Unsatisfied dependencies for type Integer with qualifiers @ConfigProperty
  at injection point [BackedAnnotatedField] @Inject @ConfigProperty private org.eclipse.microprofile.config.tck.CDIPlainInjectionTest$SimpleValuesBean.intProperty
  at org.eclipse.microprofile.config.tck.CDIPlainInjectionTest$SimpleValuesBean.intProperty(SimpleValuesBean.java:0)
">
      <![CDATA[org.jboss.weld.exceptions.DeploymentException: WELD-001408: Unsatisfied dependencies for type Integer with qualifiers @ConfigProperty
  at injection point [BackedAnnotatedField] @Inject @ConfigProperty private org.eclipse.microprofile.config.tck.CDIPlainInjectionTest$SimpleValuesBean.intProperty
  at org.eclipse.microprofile.config.tck.CDIPlainInjectionTest$SimpleValuesBean.intProperty(SimpleValuesBean.java:0)

	at org.jboss.weld.bootstrap.Validator.validateInjectionPointForDeploymentProblems(Validator.java:355)
	at org.jboss.weld.bootstrap.Validator.validateInjectionPoint(Validator.java:277)
	at org.jboss.weld.bootstrap.Validator.validateGeneralBean(Validator.java:130)
	at org.jboss.weld.bootstrap.Validator.validateRIBean(Validator.java:151)
	at org.jboss.weld.bootstrap.Validator.validateBean(Validator.java:494)
	at org.jboss.weld.bootstrap.ConcurrentValidator$1.doWork(ConcurrentValidator.java:64)
	at org.jboss.weld.bootstrap.ConcurrentValidator$1.doWork(ConcurrentValidator.java:62)
	at org.jboss.weld.executor.IterativeWorkerTaskFactory$1.call(IterativeWorkerTaskFactory.java:62)
	at org.jboss.weld.executor.IterativeWorkerTaskFactory$1.call(IterativeWorkerTaskFactory.java:55)
	at java.util.concurrent.FutureTask.run(FutureTask.java:266)
	at java.util.concurrent.ThreadPoolExecutor.runWorker(ThreadPoolExecutor.java:1142)
	at java.util.concurrent.ThreadPoolExecutor$Worker.run(ThreadPoolExecutor.java:617)
	at java.lang.Thread.run(Thread.java:745)
]]>
    </error>
  </testcase> <!-- testPropertyConfigSource -->
  <testcase name="testNonExistingConfigKeyGet" time="0.000" classname="org.eclipse.microprofile.config.tck.ConfigProviderTest">
    <error type="org.jboss.weld.exceptions.DeploymentException" message="WELD-001408: Unsatisfied dependencies for type Integer with qualifiers @ConfigProperty
  at injection point [BackedAnnotatedField] @Inject @ConfigProperty private org.eclipse.microprofile.config.tck.CDIPlainInjectionTest$SimpleValuesBean.intProperty
  at org.eclipse.microprofile.config.tck.CDIPlainInjectionTest$SimpleValuesBean.intProperty(SimpleValuesBean.java:0)
">
      <![CDATA[org.jboss.weld.exceptions.DeploymentException: WELD-001408: Unsatisfied dependencies for type Integer with qualifiers @ConfigProperty
  at injection point [BackedAnnotatedField] @Inject @ConfigProperty private org.eclipse.microprofile.config.tck.CDIPlainInjectionTest$SimpleValuesBean.intProperty
  at org.eclipse.microprofile.config.tck.CDIPlainInjectionTest$SimpleValuesBean.intProperty(SimpleValuesBean.java:0)

	at org.jboss.weld.bootstrap.Validator.validateInjectionPointForDeploymentProblems(Validator.java:355)
	at org.jboss.weld.bootstrap.Validator.validateInjectionPoint(Validator.java:277)
	at org.jboss.weld.bootstrap.Validator.validateGeneralBean(Validator.java:130)
	at org.jboss.weld.bootstrap.Validator.validateRIBean(Validator.java:151)
	at org.jboss.weld.bootstrap.Validator.validateBean(Validator.java:494)
	at org.jboss.weld.bootstrap.ConcurrentValidator$1.doWork(ConcurrentValidator.java:64)
	at org.jboss.weld.bootstrap.ConcurrentValidator$1.doWork(ConcurrentValidator.java:62)
	at org.jboss.weld.executor.IterativeWorkerTaskFactory$1.call(IterativeWorkerTaskFactory.java:62)
	at org.jboss.weld.executor.IterativeWorkerTaskFactory$1.call(IterativeWorkerTaskFactory.java:55)
	at java.util.concurrent.FutureTask.run(FutureTask.java:266)
	at java.util.concurrent.ThreadPoolExecutor.runWorker(ThreadPoolExecutor.java:1142)
	at java.util.concurrent.ThreadPoolExecutor$Worker.run(ThreadPoolExecutor.java:617)
	at java.lang.Thread.run(Thread.java:745)
]]>
    </error>
  </testcase> <!-- testNonExistingConfigKeyGet -->
  <testcase name="testEnvironmentConfigSource" time="0.001" classname="org.eclipse.microprofile.config.tck.ConfigProviderTest">
    <error type="org.jboss.weld.exceptions.DeploymentException" message="WELD-001408: Unsatisfied dependencies for type Integer with qualifiers @ConfigProperty
  at injection point [BackedAnnotatedField] @Inject @ConfigProperty private org.eclipse.microprofile.config.tck.CDIPlainInjectionTest$SimpleValuesBean.intProperty
  at org.eclipse.microprofile.config.tck.CDIPlainInjectionTest$SimpleValuesBean.intProperty(SimpleValuesBean.java:0)
">
      <![CDATA[org.jboss.weld.exceptions.DeploymentException: WELD-001408: Unsatisfied dependencies for type Integer with qualifiers @ConfigProperty
  at injection point [BackedAnnotatedField] @Inject @ConfigProperty private org.eclipse.microprofile.config.tck.CDIPlainInjectionTest$SimpleValuesBean.intProperty
  at org.eclipse.microprofile.config.tck.CDIPlainInjectionTest$SimpleValuesBean.intProperty(SimpleValuesBean.java:0)

	at org.jboss.weld.bootstrap.Validator.validateInjectionPointForDeploymentProblems(Validator.java:355)
	at org.jboss.weld.bootstrap.Validator.validateInjectionPoint(Validator.java:277)
	at org.jboss.weld.bootstrap.Validator.validateGeneralBean(Validator.java:130)
	at org.jboss.weld.bootstrap.Validator.validateRIBean(Validator.java:151)
	at org.jboss.weld.bootstrap.Validator.validateBean(Validator.java:494)
	at org.jboss.weld.bootstrap.ConcurrentValidator$1.doWork(ConcurrentValidator.java:64)
	at org.jboss.weld.bootstrap.ConcurrentValidator$1.doWork(ConcurrentValidator.java:62)
	at org.jboss.weld.executor.IterativeWorkerTaskFactory$1.call(IterativeWorkerTaskFactory.java:62)
	at org.jboss.weld.executor.IterativeWorkerTaskFactory$1.call(IterativeWorkerTaskFactory.java:55)
	at java.util.concurrent.FutureTask.run(FutureTask.java:266)
	at java.util.concurrent.ThreadPoolExecutor.runWorker(ThreadPoolExecutor.java:1142)
	at java.util.concurrent.ThreadPoolExecutor$Worker.run(ThreadPoolExecutor.java:617)
	at java.lang.Thread.run(Thread.java:745)
]]>
    </error>
  </testcase> <!-- testEnvironmentConfigSource -->
  <testcase name="testNonExistingConfigKey" time="0.001" classname="org.eclipse.microprofile.config.tck.ConfigProviderTest">
    <error type="org.jboss.weld.exceptions.DeploymentException" message="WELD-001408: Unsatisfied dependencies for type Integer with qualifiers @ConfigProperty
  at injection point [BackedAnnotatedField] @Inject @ConfigProperty private org.eclipse.microprofile.config.tck.CDIPlainInjectionTest$SimpleValuesBean.intProperty
  at org.eclipse.microprofile.config.tck.CDIPlainInjectionTest$SimpleValuesBean.intProperty(SimpleValuesBean.java:0)
">
      <![CDATA[org.jboss.weld.exceptions.DeploymentException: WELD-001408: Unsatisfied dependencies for type Integer with qualifiers @ConfigProperty
  at injection point [BackedAnnotatedField] @Inject @ConfigProperty private org.eclipse.microprofile.config.tck.CDIPlainInjectionTest$SimpleValuesBean.intProperty
  at org.eclipse.microprofile.config.tck.CDIPlainInjectionTest$SimpleValuesBean.intProperty(SimpleValuesBean.java:0)

	at org.jboss.weld.bootstrap.Validator.validateInjectionPointForDeploymentProblems(Validator.java:355)
	at org.jboss.weld.bootstrap.Validator.validateInjectionPoint(Validator.java:277)
	at org.jboss.weld.bootstrap.Validator.validateGeneralBean(Validator.java:130)
	at org.jboss.weld.bootstrap.Validator.validateRIBean(Validator.java:151)
	at org.jboss.weld.bootstrap.Validator.validateBean(Validator.java:494)
	at org.jboss.weld.bootstrap.ConcurrentValidator$1.doWork(ConcurrentValidator.java:64)
	at org.jboss.weld.bootstrap.ConcurrentValidator$1.doWork(ConcurrentValidator.java:62)
	at org.jboss.weld.executor.IterativeWorkerTaskFactory$1.call(IterativeWorkerTaskFactory.java:62)
	at org.jboss.weld.executor.IterativeWorkerTaskFactory$1.call(IterativeWorkerTaskFactory.java:55)
	at java.util.concurrent.FutureTask.run(FutureTask.java:266)
	at java.util.concurrent.ThreadPoolExecutor.runWorker(ThreadPoolExecutor.java:1142)
	at java.util.concurrent.ThreadPoolExecutor$Worker.run(ThreadPoolExecutor.java:617)
	at java.lang.Thread.run(Thread.java:745)
]]>
    </error>
  </testcase> <!-- testNonExistingConfigKey -->
  <testcase name="testDynamicValueInPropertyConfigSource" time="0.001" classname="org.eclipse.microprofile.config.tck.ConfigProviderTest">
    <error type="org.jboss.weld.exceptions.DeploymentException" message="WELD-001408: Unsatisfied dependencies for type Integer with qualifiers @ConfigProperty
  at injection point [BackedAnnotatedField] @Inject @ConfigProperty private org.eclipse.microprofile.config.tck.CDIPlainInjectionTest$SimpleValuesBean.intProperty
  at org.eclipse.microprofile.config.tck.CDIPlainInjectionTest$SimpleValuesBean.intProperty(SimpleValuesBean.java:0)
">
      <![CDATA[org.jboss.weld.exceptions.DeploymentException: WELD-001408: Unsatisfied dependencies for type Integer with qualifiers @ConfigProperty
  at injection point [BackedAnnotatedField] @Inject @ConfigProperty private org.eclipse.microprofile.config.tck.CDIPlainInjectionTest$SimpleValuesBean.intProperty
  at org.eclipse.microprofile.config.tck.CDIPlainInjectionTest$SimpleValuesBean.intProperty(SimpleValuesBean.java:0)

	at org.jboss.weld.bootstrap.Validator.validateInjectionPointForDeploymentProblems(Validator.java:355)
	at org.jboss.weld.bootstrap.Validator.validateInjectionPoint(Validator.java:277)
	at org.jboss.weld.bootstrap.Validator.validateGeneralBean(Validator.java:130)
	at org.jboss.weld.bootstrap.Validator.validateRIBean(Validator.java:151)
	at org.jboss.weld.bootstrap.Validator.validateBean(Validator.java:494)
	at org.jboss.weld.bootstrap.ConcurrentValidator$1.doWork(ConcurrentValidator.java:64)
	at org.jboss.weld.bootstrap.ConcurrentValidator$1.doWork(ConcurrentValidator.java:62)
	at org.jboss.weld.executor.IterativeWorkerTaskFactory$1.call(IterativeWorkerTaskFactory.java:62)
	at org.jboss.weld.executor.IterativeWorkerTaskFactory$1.call(IterativeWorkerTaskFactory.java:55)
	at java.util.concurrent.FutureTask.run(FutureTask.java:266)
	at java.util.concurrent.ThreadPoolExecutor.runWorker(ThreadPoolExecutor.java:1142)
	at java.util.concurrent.ThreadPoolExecutor$Worker.run(ThreadPoolExecutor.java:617)
	at java.lang.Thread.run(Thread.java:745)
]]>
    </error>
  </testcase> <!-- testDynamicValueInPropertyConfigSource -->
  <testcase name="testJavaConfigPropertyFilesConfigSource" time="0.000" classname="org.eclipse.microprofile.config.tck.ConfigProviderTest">
    <error type="org.jboss.weld.exceptions.DeploymentException" message="WELD-001408: Unsatisfied dependencies for type Integer with qualifiers @ConfigProperty
  at injection point [BackedAnnotatedField] @Inject @ConfigProperty private org.eclipse.microprofile.config.tck.CDIPlainInjectionTest$SimpleValuesBean.intProperty
  at org.eclipse.microprofile.config.tck.CDIPlainInjectionTest$SimpleValuesBean.intProperty(SimpleValuesBean.java:0)
">
      <![CDATA[org.jboss.weld.exceptions.DeploymentException: WELD-001408: Unsatisfied dependencies for type Integer with qualifiers @ConfigProperty
  at injection point [BackedAnnotatedField] @Inject @ConfigProperty private org.eclipse.microprofile.config.tck.CDIPlainInjectionTest$SimpleValuesBean.intProperty
  at org.eclipse.microprofile.config.tck.CDIPlainInjectionTest$SimpleValuesBean.intProperty(SimpleValuesBean.java:0)

	at org.jboss.weld.bootstrap.Validator.validateInjectionPointForDeploymentProblems(Validator.java:355)
	at org.jboss.weld.bootstrap.Validator.validateInjectionPoint(Validator.java:277)
	at org.jboss.weld.bootstrap.Validator.validateGeneralBean(Validator.java:130)
	at org.jboss.weld.bootstrap.Validator.validateRIBean(Validator.java:151)
	at org.jboss.weld.bootstrap.Validator.validateBean(Validator.java:494)
	at org.jboss.weld.bootstrap.ConcurrentValidator$1.doWork(ConcurrentValidator.java:64)
	at org.jboss.weld.bootstrap.ConcurrentValidator$1.doWork(ConcurrentValidator.java:62)
	at org.jboss.weld.executor.IterativeWorkerTaskFactory$1.call(IterativeWorkerTaskFactory.java:62)
	at org.jboss.weld.executor.IterativeWorkerTaskFactory$1.call(IterativeWorkerTaskFactory.java:55)
	at java.util.concurrent.FutureTask.run(FutureTask.java:266)
	at java.util.concurrent.ThreadPoolExecutor.runWorker(ThreadPoolExecutor.java:1142)
	at java.util.concurrent.ThreadPoolExecutor$Worker.run(ThreadPoolExecutor.java:617)
	at java.lang.Thread.run(Thread.java:745)
]]>
    </error>
  </testcase> <!-- testJavaConfigPropertyFilesConfigSource -->
  <testcase name="testEmptyConfigTreatedAsNotExistingGet" time="0.000" classname="org.eclipse.microprofile.config.tck.ConfigProviderTest">
    <error type="org.jboss.weld.exceptions.DeploymentException" message="WELD-001408: Unsatisfied dependencies for type Integer with qualifiers @ConfigProperty
  at injection point [BackedAnnotatedField] @Inject @ConfigProperty private org.eclipse.microprofile.config.tck.CDIPlainInjectionTest$SimpleValuesBean.intProperty
  at org.eclipse.microprofile.config.tck.CDIPlainInjectionTest$SimpleValuesBean.intProperty(SimpleValuesBean.java:0)
">
      <![CDATA[org.jboss.weld.exceptions.DeploymentException: WELD-001408: Unsatisfied dependencies for type Integer with qualifiers @ConfigProperty
  at injection point [BackedAnnotatedField] @Inject @ConfigProperty private org.eclipse.microprofile.config.tck.CDIPlainInjectionTest$SimpleValuesBean.intProperty
  at org.eclipse.microprofile.config.tck.CDIPlainInjectionTest$SimpleValuesBean.intProperty(SimpleValuesBean.java:0)

	at org.jboss.weld.bootstrap.Validator.validateInjectionPointForDeploymentProblems(Validator.java:355)
	at org.jboss.weld.bootstrap.Validator.validateInjectionPoint(Validator.java:277)
	at org.jboss.weld.bootstrap.Validator.validateGeneralBean(Validator.java:130)
	at org.jboss.weld.bootstrap.Validator.validateRIBean(Validator.java:151)
	at org.jboss.weld.bootstrap.Validator.validateBean(Validator.java:494)
	at org.jboss.weld.bootstrap.ConcurrentValidator$1.doWork(ConcurrentValidator.java:64)
	at org.jboss.weld.bootstrap.ConcurrentValidator$1.doWork(ConcurrentValidator.java:62)
	at org.jboss.weld.executor.IterativeWorkerTaskFactory$1.call(IterativeWorkerTaskFactory.java:62)
	at org.jboss.weld.executor.IterativeWorkerTaskFactory$1.call(IterativeWorkerTaskFactory.java:55)
	at java.util.concurrent.FutureTask.run(FutureTask.java:266)
	at java.util.concurrent.ThreadPoolExecutor.runWorker(ThreadPoolExecutor.java:1142)
	at java.util.concurrent.ThreadPoolExecutor$Worker.run(ThreadPoolExecutor.java:617)
	at java.lang.Thread.run(Thread.java:745)
]]>
    </error>
  </testcase> <!-- testEmptyConfigTreatedAsNotExistingGet -->
  <testcase name="testEmptyConfigTreatedAsNotExisting" time="0.002" classname="org.eclipse.microprofile.config.tck.ConfigProviderTest">
    <error type="org.jboss.weld.exceptions.DeploymentException" message="WELD-001408: Unsatisfied dependencies for type Integer with qualifiers @ConfigProperty
  at injection point [BackedAnnotatedField] @Inject @ConfigProperty private org.eclipse.microprofile.config.tck.CDIPlainInjectionTest$SimpleValuesBean.intProperty
  at org.eclipse.microprofile.config.tck.CDIPlainInjectionTest$SimpleValuesBean.intProperty(SimpleValuesBean.java:0)
">
      <![CDATA[org.jboss.weld.exceptions.DeploymentException: WELD-001408: Unsatisfied dependencies for type Integer with qualifiers @ConfigProperty
  at injection point [BackedAnnotatedField] @Inject @ConfigProperty private org.eclipse.microprofile.config.tck.CDIPlainInjectionTest$SimpleValuesBean.intProperty
  at org.eclipse.microprofile.config.tck.CDIPlainInjectionTest$SimpleValuesBean.intProperty(SimpleValuesBean.java:0)

	at org.jboss.weld.bootstrap.Validator.validateInjectionPointForDeploymentProblems(Validator.java:355)
	at org.jboss.weld.bootstrap.Validator.validateInjectionPoint(Validator.java:277)
	at org.jboss.weld.bootstrap.Validator.validateGeneralBean(Validator.java:130)
	at org.jboss.weld.bootstrap.Validator.validateRIBean(Validator.java:151)
	at org.jboss.weld.bootstrap.Validator.validateBean(Validator.java:494)
	at org.jboss.weld.bootstrap.ConcurrentValidator$1.doWork(ConcurrentValidator.java:64)
	at org.jboss.weld.bootstrap.ConcurrentValidator$1.doWork(ConcurrentValidator.java:62)
	at org.jboss.weld.executor.IterativeWorkerTaskFactory$1.call(IterativeWorkerTaskFactory.java:62)
	at org.jboss.weld.executor.IterativeWorkerTaskFactory$1.call(IterativeWorkerTaskFactory.java:55)
	at java.util.concurrent.FutureTask.run(FutureTask.java:266)
	at java.util.concurrent.ThreadPoolExecutor.runWorker(ThreadPoolExecutor.java:1142)
	at java.util.concurrent.ThreadPoolExecutor$Worker.run(ThreadPoolExecutor.java:617)
	at java.lang.Thread.run(Thread.java:745)
]]>
    </error>
  </testcase> <!-- testEmptyConfigTreatedAsNotExisting -->
</testsuite> <!-- org.eclipse.microprofile.config.tck.ConfigProviderTest -->
