<?xml version="1.0" encoding="UTF-8"?>
<!-- Generated by org.testng.reporters.JUnitReportReporter -->
<testsuite hostname="ondro-Lenovo-Flex-2-15" name="org.eclipse.microprofile.config.tck.CdiOptionalInjectionTest" tests="1" failures="0" timestamp="13 Apr 2017 10:42:31 GMT" time="0.001" errors="1">
  <testcase name="testOptionalInjection" time="0.001" classname="org.eclipse.microprofile.config.tck.CdiOptionalInjectionTest">
    <error type="org.jboss.weld.exceptions.DeploymentException" message="WELD-001408: Unsatisfied dependencies for type Integer with qualifiers @ConfigProperty
  at injection point [BackedAnnotatedField] @Inject @ConfigProperty private org.eclipse.microprofile.config.tck.CDIPlainInjectionTest$SimpleValuesBean.intProperty
  at org.eclipse.microprofile.config.tck.CDIPlainInjectionTest$SimpleValuesBean.intProperty(SimpleValuesBean.java:0)
">
      <![CDATA[org.jboss.weld.exceptions.DeploymentException: WELD-001408: Unsatisfied dependencies for type Integer with qualifiers @ConfigProperty
  at injection point [BackedAnnotatedField] @Inject @ConfigProperty private org.eclipse.microprofile.config.tck.CDIPlainInjectionTest$SimpleValuesBean.intProperty
  at org.eclipse.microprofile.config.tck.CDIPlainInjectionTest$SimpleValuesBean.intProperty(SimpleValuesBean.java:0)

	at org.jboss.weld.bootstrap.Validator.validateInjectionPointForDeploymentProblems(Validator.java:355)
	at org.jboss.weld.bootstrap.Validator.validateInjectionPoint(Validator.java:277)
	at org.jboss.weld.bootstrap.Validator.validateGeneralBean(Validator.java:130)
	at org.jboss.weld.bootstrap.Validator.validateRIBean(Validator.java:151)
	at org.jboss.weld.bootstrap.Validator.validateBean(Validator.java:494)
	at org.jboss.weld.bootstrap.ConcurrentValidator$1.doWork(ConcurrentValidator.java:64)
	at org.jboss.weld.bootstrap.ConcurrentValidator$1.doWork(ConcurrentValidator.java:62)
	at org.jboss.weld.executor.IterativeWorkerTaskFactory$1.call(IterativeWorkerTaskFactory.java:62)
	at org.jboss.weld.executor.IterativeWorkerTaskFactory$1.call(IterativeWorkerTaskFactory.java:55)
	at java.util.concurrent.FutureTask.run(FutureTask.java:266)
	at java.util.concurrent.ThreadPoolExecutor.runWorker(ThreadPoolExecutor.java:1142)
	at java.util.concurrent.ThreadPoolExecutor$Worker.run(ThreadPoolExecutor.java:617)
	at java.lang.Thread.run(Thread.java:745)
]]>
    </error>
  </testcase> <!-- testOptionalInjection -->
</testsuite> <!-- org.eclipse.microprofile.config.tck.CdiOptionalInjectionTest -->
